<?xml version="1.0" encoding="UTF-8"?>
<!-- Generated by org.testng.reporters.JUnitReportReporter -->
<testsuite hostname="DESKTOP-11G3E63" failures="0" tests="6" name="JobbyAppTestPage2.LoginPageTest2" time="24.449" errors="0" timestamp="2023-10-09T18:47:32 IST" skipped="0">
  <testcase classname="JobbyAppTestPage2.LoginPageTest2" name="Loginpageurl" time="3.450"/>
  <testcase classname="JobbyAppTestPage2.LoginPageTest2" name="EmptyInputfield" time="4.188"/>
  <testcase classname="JobbyAppTestPage2.LoginPageTest2" name="EmptyUsernamefiel" time="4.390"/>
  <testcase classname="JobbyAppTestPage2.LoginPageTest2" name="PasswordEmptyfiel" time="3.979"/>
  <testcase classname="JobbyAppTestPage2.LoginPageTest2" name="Invalidcredentail" time="4.344"/>
  <testcase classname="JobbyAppTestPage2.LoginPageTest2" name="SUCCESFULLY" time="4.098"/>
</testsuite> <!-- JobbyAppTestPage2.LoginPageTest2 -->
