<?xml version="1.0" encoding="UTF-8"?>
<!-- Generated by org.testng.reporters.JUnitReportReporter -->
<testsuite hostname="DESKTOP-11G3E63" failures="0" tests="5" name="JobbyAppTestPage2.HeadersectionTest" time="22.564" errors="0" timestamp="2023-10-09T18:47:32 IST" skipped="0">
  <testcase classname="JobbyAppTestPage2.HeadersectionTest" name="AppLogodisplayed" time="4.014"/>
  <testcase classname="JobbyAppTestPage2.HeadersectionTest" name="Navbarjoblink" time="4.132"/>
  <testcase classname="JobbyAppTestPage2.HeadersectionTest" name="ClickingAppLogo" time="4.409"/>
  <testcase classname="JobbyAppTestPage2.HeadersectionTest" name="NavbarlinkHome" time="4.335"/>
  <testcase classname="JobbyAppTestPage2.HeadersectionTest" name="LogoutFuncationality" time="5.674"/>
</testsuite> <!-- JobbyAppTestPage2.HeadersectionTest -->
