<?xml version="1.0" encoding="UTF-8"?>
<!-- Generated by org.testng.reporters.JUnitReportReporter -->
<testsuite hostname="DESKTOP-11G3E63" failures="0" tests="2" name="EBankAppTestHomapageTest.HomapgeTest2" time="8.312" errors="0" timestamp="2023-10-09T18:47:32 IST" skipped="0">
  <testcase classname="EBankAppTestHomapageTest.HomapgeTest2" name="HomepageUi" time="4.154"/>
  <testcase classname="EBankAppTestHomapageTest.HomapgeTest2" name="LogoutFuncationality" time="4.158"/>
</testsuite> <!-- EBankAppTestHomapageTest.HomapgeTest2 -->
