<?xml version="1.0" encoding="UTF-8"?>
<!-- Generated by org.testng.reporters.JUnitReportReporter -->
<testsuite hostname="DESKTOP-11G3E63" failures="0" tests="10" name="CommentAppHomeTestpage2.HomapageTest" time="39.494" errors="0" timestamp="2023-10-09T18:47:32 IST" skipped="0">
  <testcase classname="CommentAppHomeTestpage2.HomapageTest" name="CommentsAppUI" time="3.031"/>
  <testcase classname="CommentAppHomeTestpage2.HomapageTest" name="commentcounter" time="3.962"/>
  <testcase classname="CommentAppHomeTestpage2.HomapageTest" name="Commentsinitial" time="3.419"/>
  <testcase classname="CommentAppHomeTestpage2.HomapageTest" name="Commentsinitial" time="3.437"/>
  <testcase classname="CommentAppHomeTestpage2.HomapageTest" name="Commentsinitial" time="4.737"/>
  <testcase classname="CommentAppHomeTestpage2.HomapageTest" name="Commentsinitial" time="2.944"/>
  <testcase classname="CommentAppHomeTestpage2.HomapageTest" name="Commentsinitial" time="3.264"/>
  <testcase classname="CommentAppHomeTestpage2.HomapageTest" name="Commentorder" time="4.927"/>
  <testcase classname="CommentAppHomeTestpage2.HomapageTest" name="Likes" time="5.109"/>
  <testcase classname="CommentAppHomeTestpage2.HomapageTest" name="Deletefuncationallity" time="4.664"/>
</testsuite> <!-- CommentAppHomeTestpage2.HomapageTest -->
