<?xml version="1.0" encoding="UTF-8"?>
<!-- Generated by org.testng.reporters.JUnitReportReporter -->
<testsuite hostname="DESKTOP-11G3E63" failures="0" tests="2" name="JobbyAppTestPage2.HomePageTest" time="7.939" errors="0" timestamp="2023-10-09T18:47:32 IST" skipped="0">
  <testcase classname="JobbyAppTestPage2.HomePageTest" name="HomeHeading" time="4.270"/>
  <testcase classname="JobbyAppTestPage2.HomePageTest" name="JobsbuttonFucationality" time="3.669"/>
</testsuite> <!-- JobbyAppTestPage2.HomePageTest -->
