<?xml version="1.0" encoding="UTF-8"?>
<!-- Generated by org.testng.reporters.JUnitReportReporter -->
<testsuite hostname="DESKTOP-11G3E63" failures="0" tests="8" name="JobbyAppTestPage2.JobspageTest" time="37.824" errors="0" timestamp="2023-10-09T18:47:32 IST" skipped="0">
  <testcase classname="JobbyAppTestPage2.JobspageTest" name="ProfilecontainerUi" time="3.851"/>
  <testcase classname="JobbyAppTestPage2.JobspageTest" name="SucessfullSearch" time="4.561"/>
  <testcase classname="JobbyAppTestPage2.JobspageTest" name="SucessfullSearch" time="4.558"/>
  <testcase classname="JobbyAppTestPage2.JobspageTest" name="SucessfullSearch" time="5.110"/>
  <testcase classname="JobbyAppTestPage2.JobspageTest" name="SucessfullSearch" time="4.679"/>
  <testcase classname="JobbyAppTestPage2.JobspageTest" name="SucessfullSearch" time="5.112"/>
  <testcase classname="JobbyAppTestPage2.JobspageTest" name="SucessfullSearch" time="4.645"/>
  <testcase classname="JobbyAppTestPage2.JobspageTest" name="UnSuccesfullSearch" time="5.308"/>
</testsuite> <!-- JobbyAppTestPage2.JobspageTest -->
