<?xml version="1.0" encoding="UTF-8"?>
<!-- Generated by org.testng.reporters.JUnitReportReporter -->
<testsuite hostname="DESKTOP-11G3E63" failures="0" tests="6" name="EBankAppTestHomapageTest.HomePageTest1" time="23.614" errors="0" timestamp="2023-10-09T18:47:32 IST" skipped="0">
  <testcase classname="EBankAppTestHomapageTest.HomePageTest1" name="LoginPageUI" time="3.820"/>
  <testcase classname="EBankAppTestHomapageTest.HomePageTest1" name="EmptyInputField" time="3.661"/>
  <testcase classname="EBankAppTestHomapageTest.HomePageTest1" name="EmptyUserfield" time="3.723"/>
  <testcase classname="EBankAppTestHomapageTest.HomePageTest1" name="Emptypinfield" time="4.002"/>
  <testcase classname="EBankAppTestHomapageTest.HomePageTest1" name="Invalidpin" time="4.160"/>
  <testcase classname="EBankAppTestHomapageTest.HomePageTest1" name="Succesfullylogin" time="4.248"/>
</testsuite> <!-- EBankAppTestHomapageTest.HomePageTest1 -->
